  CPUTest.cpp
D:\REMU\REMU\CPUTest.cpp(23,34): warning C4244: '=': conversion from '_First' to 'uint32_t', possible loss of data
D:\REMU\REMU\CPUTest.cpp(23,34): warning C4244:         with
D:\REMU\REMU\CPUTest.cpp(23,34): warning C4244:         [
D:\REMU\REMU\CPUTest.cpp(23,34): warning C4244:             _First=uint64_t
D:\REMU\REMU\CPUTest.cpp(23,34): warning C4244:         ]
D:\REMU\REMU\CPUTest.cpp(25,43): warning C4101: 'e': unreferenced local variable
D:\REMU\REMU\CPUTest.cpp(37,43): warning C4101: 'e': unreferenced local variable
D:\REMU\REMU\CPUTest.cpp(89,16): warning C4477: 'printf' : format string '%#-13.2lx' requires an argument of type 'unsigned long', but variadic argument 2 has type 'uint64_t'
  D:\REMU\REMU\CPUTest.cpp(89,16):
  consider using '%llx' in the format string
  D:\REMU\REMU\CPUTest.cpp(89,16):
  consider using '%Ix' in the format string
  D:\REMU\REMU\CPUTest.cpp(89,16):
  consider using '%I64x' in the format string
  
D:\REMU\REMU\CPUTest.cpp(90,16): warning C4477: 'printf' : format string '%#-13.2lx' requires an argument of type 'unsigned long', but variadic argument 2 has type 'uint64_t'
  D:\REMU\REMU\CPUTest.cpp(90,16):
  consider using '%llx' in the format string
  D:\REMU\REMU\CPUTest.cpp(90,16):
  consider using '%Ix' in the format string
  D:\REMU\REMU\CPUTest.cpp(90,16):
  consider using '%I64x' in the format string
  
D:\REMU\REMU\CPUTest.cpp(91,16): warning C4477: 'printf' : format string '%#-13.2lx' requires an argument of type 'unsigned long', but variadic argument 2 has type 'uint64_t'
  D:\REMU\REMU\CPUTest.cpp(91,16):
  consider using '%llx' in the format string
  D:\REMU\REMU\CPUTest.cpp(91,16):
  consider using '%Ix' in the format string
  D:\REMU\REMU\CPUTest.cpp(91,16):
  consider using '%I64x' in the format string
  
D:\REMU\REMU\CPUTest.cpp(92,16): warning C4477: 'printf' : format string '%#-13.2lx' requires an argument of type 'unsigned long', but variadic argument 2 has type 'uint64_t'
  D:\REMU\REMU\CPUTest.cpp(92,16):
  consider using '%llx' in the format string
  D:\REMU\REMU\CPUTest.cpp(92,16):
  consider using '%Ix' in the format string
  D:\REMU\REMU\CPUTest.cpp(92,16):
  consider using '%I64x' in the format string
  
D:\REMU\REMU\CPUTest.cpp(287,1): warning C4715: 'CPUTest::Execute': not all control paths return a value
  REMU.vcxproj -> D:\REMU\x64\Debug\REMU.exe
