d:\remu\remu\x64\debug\vc143.pdb
d:\remu\remu\x64\debug\vc143.idb
d:\remu\remu\x64\debug\ram.obj
d:\remu\remu\x64\debug\main.obj
d:\remu\remu\x64\debug\cpu.obj
d:\remu\remu\x64\debug\opcodes.obj
d:\remu\remu\x64\debug\opcodestest.obj
d:\remu\remu\x64\debug\cputest.obj
d:\remu\remu\x64\debug\opcodehelpers.obj
d:\remu\remu\x64\debug\machinetest.obj
d:\remu\remu\x64\debug\machine.obj
d:\remu\remu\x64\debug\trap.obj
d:\remu\remu\x64\debug\bus.obj
d:\remu\x64\debug\remu.exe
d:\remu\x64\debug\remu.pdb
d:\remu\remu\x64\debug\remu.ilk
d:\remu\remu\x64\debug\memory.obj
d:\remu\remu\x64\debug\remu.tlog\cl.command.1.tlog
d:\remu\remu\x64\debug\remu.tlog\cl.items.tlog
d:\remu\remu\x64\debug\remu.tlog\cl.read.1.tlog
d:\remu\remu\x64\debug\remu.tlog\cl.write.1.tlog
d:\remu\remu\x64\debug\remu.tlog\link.command.1.tlog
d:\remu\remu\x64\debug\remu.tlog\link.read.1.tlog
d:\remu\remu\x64\debug\remu.tlog\link.secondary.1.tlog
d:\remu\remu\x64\debug\remu.tlog\link.write.1.tlog
